<?xml version="1.0" encoding="UTF-8"?>
<!-- Generated by org.testng.reporters.JUnitReportReporter -->
<testsuite hostname="Taneja" failures="0" tests="1" name="TestCases.VerifyLogin" time="28.073" errors="0" timestamp="2022-11-09T14:01:10 IST" skipped="0">
  <testcase classname="TestCases.VerifyLogin" name="login" time="28.073"/>
  <system-out/>
</testsuite> <!-- TestCases.VerifyLogin -->
