<?xml version="1.0" encoding="UTF-8"?>
<!-- Generated by org.testng.reporters.JUnitReportReporter -->
<testsuite hostname="Taneja" failures="0" tests="1" name="TestCases.verifySignup" time="34.305" errors="0" timestamp="2022-11-08T23:37:39 IST" skipped="0">
  <testcase classname="TestCases.verifySignup" name="signup" time="34.305"/>
  <system-out/>
</testsuite> <!-- TestCases.verifySignup -->
