<?xml version="1.0" encoding="UTF-8"?>
<!-- Generated by org.testng.reporters.JUnitReportReporter -->
<testsuite hostname="Taneja" failures="0" tests="1" name="TestCases.verifySignup" time="48.498" errors="0" timestamp="2022-11-09T14:07:38 IST" skipped="0">
  <testcase classname="TestCases.verifySignup" name="signup" time="48.498"/>
  <system-out/>
</testsuite> <!-- TestCases.verifySignup -->
